2024-07-27T17:36:44.194+02:00  INFO 28532 --- [electric_diary] [main] c.e.ElectricDiaryApplicationTests        : Starting ElectricDiaryApplicationTests using Java 17.0.9 with PID 28532 (started by htotbagi in C:\Users\htotbagi\Downloads\school-management-system)
2024-07-27T17:36:44.196+02:00  INFO 28532 --- [electric_diary] [main] c.e.ElectricDiaryApplicationTests        : No active profile set, falling back to 1 default profile: "default"
2024-07-27T17:36:46.318+02:00  INFO 28532 --- [electric_diary] [main] .s.d.r.c.RepositoryConfigurationDelegate : Bootstrapping Spring Data JPA repositories in DEFAULT mode.
2024-07-27T17:36:46.558+02:00  INFO 28532 --- [electric_diary] [main] .s.d.r.c.RepositoryConfigurationDelegate : Finished Spring Data repository scanning in 224 ms. Found 8 JPA repository interfaces.
2024-07-27T17:36:48.883+02:00  INFO 28532 --- [electric_diary] [main] o.s.o.j.p.SpringPersistenceUnitInfo      : No LoadTimeWeaver setup: ignoring JPA class transformer
2024-07-27T17:36:48.987+02:00  INFO 28532 --- [electric_diary] [main] com.zaxxer.hikari.HikariDataSource       : HikariPool-1 - Starting...
2024-07-27T17:36:49.813+02:00  INFO 28532 --- [electric_diary] [main] com.zaxxer.hikari.pool.HikariPool        : HikariPool-1 - Added connection com.mysql.cj.jdbc.ConnectionImpl@1b8d20e6
2024-07-27T17:36:49.822+02:00  INFO 28532 --- [electric_diary] [main] com.zaxxer.hikari.HikariDataSource       : HikariPool-1 - Start completed.
2024-07-27T17:36:52.554+02:00  INFO 28532 --- [electric_diary] [main] j.LocalContainerEntityManagerFactoryBean : Initialized JPA EntityManagerFactory for persistence unit 'default'
2024-07-27T17:36:54.254+02:00  WARN 28532 --- [electric_diary] [main] JpaBaseConfiguration$JpaWebConfiguration : spring.jpa.open-in-view is enabled by default. Therefore, database queries may be performed during view rendering. Explicitly configure spring.jpa.open-in-view to disable this warning
2024-07-27T17:36:55.194+02:00  INFO 28532 --- [electric_diary] [main] o.s.s.web.DefaultSecurityFilterChain     : Will secure any request with [org.springframework.security.web.session.DisableEncodeUrlFilter@34714012, org.springframework.security.web.context.request.async.WebAsyncManagerIntegrationFilter@49a0fe14, org.springframework.security.web.context.SecurityContextHolderFilter@5e609b42, org.springframework.security.web.header.HeaderWriterFilter@622c658d, org.springframework.web.filter.CorsFilter@11eb8842, org.springframework.security.web.authentication.logout.LogoutFilter@c725dfa, org.springframework.security.web.authentication.www.BasicAuthenticationFilter@1e8c741c, org.springframework.security.web.savedrequest.RequestCacheAwareFilter@24673720, org.springframework.security.web.servletapi.SecurityContextHolderAwareRequestFilter@2aadeb31, org.springframework.security.web.authentication.AnonymousAuthenticationFilter@4ed7db72, org.springframework.security.web.access.ExceptionTranslationFilter@4a10e65b, org.springframework.security.web.access.intercept.FilterSecurityInterceptor@7ef570be]
2024-07-27T17:36:56.239+02:00  INFO 28532 --- [electric_diary] [main] c.e.ElectricDiaryApplicationTests        : Started ElectricDiaryApplicationTests in 12.615 seconds (process running for 16.148)
2024-07-27T17:36:57.831+02:00  INFO 28532 --- [electric_diary] [SpringApplicationShutdownHook] j.LocalContainerEntityManagerFactoryBean : Closing JPA EntityManagerFactory for persistence unit 'default'
2024-07-27T17:36:57.836+02:00  INFO 28532 --- [electric_diary] [SpringApplicationShutdownHook] com.zaxxer.hikari.HikariDataSource       : HikariPool-1 - Shutdown initiated...
2024-07-27T17:36:57.860+02:00  INFO 28532 --- [electric_diary] [SpringApplicationShutdownHook] com.zaxxer.hikari.HikariDataSource       : HikariPool-1 - Shutdown completed.
2024-07-27T17:37:55.206+02:00  INFO 12368 --- [electric_diary] [main] c.e.ElectricDiaryApplicationTests        : Starting ElectricDiaryApplicationTests using Java 17.0.9 with PID 12368 (started by htotbagi in C:\Users\htotbagi\Downloads\school-management-system)
2024-07-27T17:37:55.208+02:00  INFO 12368 --- [electric_diary] [main] c.e.ElectricDiaryApplicationTests        : No active profile set, falling back to 1 default profile: "default"
2024-07-27T17:37:57.300+02:00  INFO 12368 --- [electric_diary] [main] .s.d.r.c.RepositoryConfigurationDelegate : Bootstrapping Spring Data JPA repositories in DEFAULT mode.
2024-07-27T17:37:57.505+02:00  INFO 12368 --- [electric_diary] [main] .s.d.r.c.RepositoryConfigurationDelegate : Finished Spring Data repository scanning in 190 ms. Found 8 JPA repository interfaces.
2024-07-27T17:37:59.890+02:00  INFO 12368 --- [electric_diary] [main] o.s.o.j.p.SpringPersistenceUnitInfo      : No LoadTimeWeaver setup: ignoring JPA class transformer
2024-07-27T17:37:59.954+02:00  INFO 12368 --- [electric_diary] [main] com.zaxxer.hikari.HikariDataSource       : HikariPool-1 - Starting...
2024-07-27T17:38:00.752+02:00  INFO 12368 --- [electric_diary] [main] com.zaxxer.hikari.pool.HikariPool        : HikariPool-1 - Added connection com.mysql.cj.jdbc.ConnectionImpl@6fd9dbe6
2024-07-27T17:38:00.758+02:00  INFO 12368 --- [electric_diary] [main] com.zaxxer.hikari.HikariDataSource       : HikariPool-1 - Start completed.
2024-07-27T17:38:03.121+02:00  INFO 12368 --- [electric_diary] [main] j.LocalContainerEntityManagerFactoryBean : Initialized JPA EntityManagerFactory for persistence unit 'default'
2024-07-27T17:38:04.523+02:00  WARN 12368 --- [electric_diary] [main] JpaBaseConfiguration$JpaWebConfiguration : spring.jpa.open-in-view is enabled by default. Therefore, database queries may be performed during view rendering. Explicitly configure spring.jpa.open-in-view to disable this warning
2024-07-27T17:38:05.593+02:00  INFO 12368 --- [electric_diary] [main] o.s.s.web.DefaultSecurityFilterChain     : Will secure any request with [org.springframework.security.web.session.DisableEncodeUrlFilter@53b81a55, org.springframework.security.web.context.request.async.WebAsyncManagerIntegrationFilter@3181fbe7, org.springframework.security.web.context.SecurityContextHolderFilter@5dc218e2, org.springframework.security.web.header.HeaderWriterFilter@17796f47, org.springframework.web.filter.CorsFilter@c8e99, org.springframework.security.web.authentication.logout.LogoutFilter@4c364a9d, org.springframework.security.web.authentication.www.BasicAuthenticationFilter@61c98f5, org.springframework.security.web.savedrequest.RequestCacheAwareFilter@4be6531a, org.springframework.security.web.servletapi.SecurityContextHolderAwareRequestFilter@21553c3a, org.springframework.security.web.authentication.AnonymousAuthenticationFilter@61d7df22, org.springframework.security.web.access.ExceptionTranslationFilter@caee26e, org.springframework.security.web.access.intercept.FilterSecurityInterceptor@154fcedd]
2024-07-27T17:38:06.778+02:00  INFO 12368 --- [electric_diary] [main] c.e.ElectricDiaryApplicationTests        : Started ElectricDiaryApplicationTests in 12.254 seconds (process running for 15.122)
2024-07-27T17:38:07.961+02:00  INFO 12368 --- [electric_diary] [SpringApplicationShutdownHook] j.LocalContainerEntityManagerFactoryBean : Closing JPA EntityManagerFactory for persistence unit 'default'
2024-07-27T17:38:07.967+02:00  INFO 12368 --- [electric_diary] [SpringApplicationShutdownHook] com.zaxxer.hikari.HikariDataSource       : HikariPool-1 - Shutdown initiated...
2024-07-27T17:38:07.986+02:00  INFO 12368 --- [electric_diary] [SpringApplicationShutdownHook] com.zaxxer.hikari.HikariDataSource       : HikariPool-1 - Shutdown completed.
