2024-05-23T19:55:27.672+02:00  INFO 20052 --- [electric_diary] [main] c.e.ElectricDiaryApplication             : Starting ElectricDiaryApplication using Java 17.0.10 with PID 20052 (C:\Users\htotbagi\OneDrive - j&s-soft GmbH\Desktop\electric_diary\electric_diary\target\classes started by htotbagi in C:\Users\htotbagi\OneDrive - j&s-soft GmbH\Desktop\electric_diary\electric_diary)
2024-05-23T19:55:27.675+02:00  INFO 20052 --- [electric_diary] [main] c.e.ElectricDiaryApplication             : No active profile set, falling back to 1 default profile: "default"
2024-05-23T19:55:28.491+02:00  INFO 20052 --- [electric_diary] [main] .s.d.r.c.RepositoryConfigurationDelegate : Bootstrapping Spring Data JPA repositories in DEFAULT mode.
2024-05-23T19:55:28.604+02:00  INFO 20052 --- [electric_diary] [main] .s.d.r.c.RepositoryConfigurationDelegate : Finished Spring Data repository scanning in 102 ms. Found 5 JPA repository interfaces.
2024-05-23T19:55:29.131+02:00  INFO 20052 --- [electric_diary] [main] o.s.b.w.embedded.tomcat.TomcatWebServer  : Tomcat initialized with port 8080 (http)
2024-05-23T19:55:29.145+02:00  INFO 20052 --- [electric_diary] [main] o.apache.catalina.core.StandardService   : Starting service [Tomcat]
2024-05-23T19:55:29.146+02:00  INFO 20052 --- [electric_diary] [main] o.apache.catalina.core.StandardEngine    : Starting Servlet engine: [Apache Tomcat/10.1.20]
2024-05-23T19:55:29.200+02:00  INFO 20052 --- [electric_diary] [main] o.a.c.c.C.[Tomcat].[localhost].[/]       : Initializing Spring embedded WebApplicationContext
2024-05-23T19:55:29.200+02:00  INFO 20052 --- [electric_diary] [main] w.s.c.ServletWebServerApplicationContext : Root WebApplicationContext: initialization completed in 1459 ms
2024-05-23T19:55:29.701+02:00  INFO 20052 --- [electric_diary] [main] o.s.o.j.p.SpringPersistenceUnitInfo      : No LoadTimeWeaver setup: ignoring JPA class transformer
2024-05-23T19:55:29.735+02:00  INFO 20052 --- [electric_diary] [main] com.zaxxer.hikari.HikariDataSource       : HikariPool-1 - Starting...
2024-05-23T19:55:30.016+02:00  INFO 20052 --- [electric_diary] [main] com.zaxxer.hikari.pool.HikariPool        : HikariPool-1 - Added connection com.mysql.cj.jdbc.ConnectionImpl@5501d1c8
2024-05-23T19:55:30.018+02:00  INFO 20052 --- [electric_diary] [main] com.zaxxer.hikari.HikariDataSource       : HikariPool-1 - Start completed.
2024-05-23T19:55:31.088+02:00  INFO 20052 --- [electric_diary] [main] j.LocalContainerEntityManagerFactoryBean : Initialized JPA EntityManagerFactory for persistence unit 'default'
2024-05-23T19:55:31.315+02:00  WARN 20052 --- [electric_diary] [main] JpaBaseConfiguration$JpaWebConfiguration : spring.jpa.open-in-view is enabled by default. Therefore, database queries may be performed during view rendering. Explicitly configure spring.jpa.open-in-view to disable this warning
2024-05-23T19:55:31.621+02:00  INFO 20052 --- [electric_diary] [main] o.s.b.w.embedded.tomcat.TomcatWebServer  : Tomcat started on port 8080 (http) with context path ''
2024-05-23T19:55:31.629+02:00  INFO 20052 --- [electric_diary] [main] c.e.ElectricDiaryApplication             : Started ElectricDiaryApplication in 4.508 seconds (process running for 5.251)
2024-05-23T19:56:40.412+02:00  INFO 20052 --- [electric_diary] [RMI TCP Connection(7)-127.0.0.1] inMXBeanRegistrar$SpringApplicationAdmin : Application shutdown requested.
2024-05-23T19:56:40.458+02:00  INFO 20052 --- [electric_diary] [RMI TCP Connection(7)-127.0.0.1] j.LocalContainerEntityManagerFactoryBean : Closing JPA EntityManagerFactory for persistence unit 'default'
2024-05-23T19:56:40.461+02:00  INFO 20052 --- [electric_diary] [RMI TCP Connection(7)-127.0.0.1] com.zaxxer.hikari.HikariDataSource       : HikariPool-1 - Shutdown initiated...
2024-05-23T19:56:40.478+02:00  INFO 20052 --- [electric_diary] [RMI TCP Connection(7)-127.0.0.1] com.zaxxer.hikari.HikariDataSource       : HikariPool-1 - Shutdown completed.
2024-05-23T20:01:46.284+02:00  INFO 13344 --- [electric_diary] [main] c.e.ElectricDiaryApplication             : Starting ElectricDiaryApplication using Java 17.0.10 with PID 13344 (C:\Users\htotbagi\OneDrive - j&s-soft GmbH\Desktop\electric_diary\electric_diary\target\classes started by htotbagi in C:\Users\htotbagi\OneDrive - j&s-soft GmbH\Desktop\electric_diary\electric_diary)
2024-05-23T20:01:46.287+02:00  INFO 13344 --- [electric_diary] [main] c.e.ElectricDiaryApplication             : No active profile set, falling back to 1 default profile: "default"
2024-05-23T20:01:47.047+02:00  INFO 13344 --- [electric_diary] [main] .s.d.r.c.RepositoryConfigurationDelegate : Bootstrapping Spring Data JPA repositories in DEFAULT mode.
2024-05-23T20:01:47.140+02:00  INFO 13344 --- [electric_diary] [main] .s.d.r.c.RepositoryConfigurationDelegate : Finished Spring Data repository scanning in 87 ms. Found 5 JPA repository interfaces.
2024-05-23T20:01:47.583+02:00  INFO 13344 --- [electric_diary] [main] o.s.b.w.embedded.tomcat.TomcatWebServer  : Tomcat initialized with port 8080 (http)
2024-05-23T20:01:47.603+02:00  INFO 13344 --- [electric_diary] [main] o.apache.catalina.core.StandardService   : Starting service [Tomcat]
2024-05-23T20:01:47.603+02:00  INFO 13344 --- [electric_diary] [main] o.apache.catalina.core.StandardEngine    : Starting Servlet engine: [Apache Tomcat/10.1.20]
2024-05-23T20:01:47.660+02:00  INFO 13344 --- [electric_diary] [main] o.a.c.c.C.[Tomcat].[localhost].[/]       : Initializing Spring embedded WebApplicationContext
2024-05-23T20:01:47.662+02:00  INFO 13344 --- [electric_diary] [main] w.s.c.ServletWebServerApplicationContext : Root WebApplicationContext: initialization completed in 1304 ms
2024-05-23T20:01:48.056+02:00  INFO 13344 --- [electric_diary] [main] o.s.o.j.p.SpringPersistenceUnitInfo      : No LoadTimeWeaver setup: ignoring JPA class transformer
2024-05-23T20:01:48.091+02:00  INFO 13344 --- [electric_diary] [main] com.zaxxer.hikari.HikariDataSource       : HikariPool-1 - Starting...
2024-05-23T20:01:48.402+02:00  INFO 13344 --- [electric_diary] [main] com.zaxxer.hikari.pool.HikariPool        : HikariPool-1 - Added connection com.mysql.cj.jdbc.ConnectionImpl@646e6d07
2024-05-23T20:01:48.404+02:00  INFO 13344 --- [electric_diary] [main] com.zaxxer.hikari.HikariDataSource       : HikariPool-1 - Start completed.
2024-05-23T20:01:49.285+02:00  INFO 13344 --- [electric_diary] [main] j.LocalContainerEntityManagerFactoryBean : Initialized JPA EntityManagerFactory for persistence unit 'default'
2024-05-23T20:01:49.505+02:00  WARN 13344 --- [electric_diary] [main] JpaBaseConfiguration$JpaWebConfiguration : spring.jpa.open-in-view is enabled by default. Therefore, database queries may be performed during view rendering. Explicitly configure spring.jpa.open-in-view to disable this warning
2024-05-23T20:01:49.839+02:00  INFO 13344 --- [electric_diary] [main] o.s.b.w.embedded.tomcat.TomcatWebServer  : Tomcat started on port 8080 (http) with context path ''
2024-05-23T20:01:49.847+02:00  INFO 13344 --- [electric_diary] [main] c.e.ElectricDiaryApplication             : Started ElectricDiaryApplication in 4.032 seconds (process running for 4.849)
2024-05-23T20:02:19.882+02:00  INFO 13344 --- [electric_diary] [http-nio-8080-exec-2] o.a.c.c.C.[Tomcat].[localhost].[/]       : Initializing Spring DispatcherServlet 'dispatcherServlet'
2024-05-23T20:02:19.883+02:00  INFO 13344 --- [electric_diary] [http-nio-8080-exec-2] o.s.web.servlet.DispatcherServlet        : Initializing Servlet 'dispatcherServlet'
2024-05-23T20:02:19.887+02:00  INFO 13344 --- [electric_diary] [http-nio-8080-exec-2] o.s.web.servlet.DispatcherServlet        : Completed initialization in 4 ms
2024-05-23T20:02:19.970+02:00  INFO 13344 --- [electric_diary] [http-nio-8080-exec-2] c.e.controllers.TeacherController        : This is an info message
